  main.cpp
  Generating Code...
  Compiling...
  scene.cpp
c:\users\jimmy\source\repos\gkom\gkom\scene.cpp(42): warning C4244: 'initializing': conversion from 'double' to 'GLfloat', possible loss of data
c:\users\jimmy\source\repos\gkom\gkom\scene.cpp(46): warning C4244: 'argument': conversion from 'time_t' to 'unsigned int', possible loss of data
  Generating Code...
  soil.lib(SOIL.obj) : MSIL .netmodule or module compiled with /GL found; restarting link with /LTCG; add /LTCG to the link command line to improve linker performance
LINK : warning LNK4075: ignoring '/INCREMENTAL' due to '/LTCG' specification
LINK : warning LNK4098: defaultlib 'MSVCRT' conflicts with use of other libs; use /NODEFAULTLIB:library
  Generating code
  Finished generating code
shprogram.obj : warning LNK4049: locally defined symbol ___glewAttachShader imported
shprogram.obj : warning LNK4049: locally defined symbol ___glewCompileShader imported
shprogram.obj : warning LNK4049: locally defined symbol ___glewCreateProgram imported
shprogram.obj : warning LNK4049: locally defined symbol ___glewCreateShader imported
shprogram.obj : warning LNK4049: locally defined symbol ___glewDeleteShader imported
shprogram.obj : warning LNK4049: locally defined symbol ___glewGetProgramInfoLog imported
shprogram.obj : warning LNK4049: locally defined symbol ___glewGetProgramiv imported
shprogram.obj : warning LNK4049: locally defined symbol ___glewGetShaderInfoLog imported
shprogram.obj : warning LNK4049: locally defined symbol ___glewGetShaderiv imported
shprogram.obj : warning LNK4049: locally defined symbol ___glewLinkProgram imported
shprogram.obj : warning LNK4049: locally defined symbol ___glewShaderSource imported
shprogram.obj : warning LNK4049: locally defined symbol ___glewUseProgram imported
simpleModel.obj : warning LNK4049: locally defined symbol ___glewActiveTexture imported
Roombox.obj : warning LNK4049: locally defined symbol ___glewActiveTexture imported
simpleModel.obj : warning LNK4049: locally defined symbol ___glewUniformMatrix4fv imported
Roombox.obj : warning LNK4049: locally defined symbol ___glewBindBuffer imported
Roombox.obj : warning LNK4049: locally defined symbol ___glewBufferData imported
Roombox.obj : warning LNK4049: locally defined symbol ___glewGenBuffers imported
Roombox.obj : warning LNK4049: locally defined symbol ___glewEnableVertexAttribArray imported
Roombox.obj : warning LNK4049: locally defined symbol ___glewVertexAttribPointer imported
Roombox.obj : warning LNK4049: locally defined symbol ___glewBindVertexArray imported
Roombox.obj : warning LNK4049: locally defined symbol ___glewGenVertexArrays imported
  Gkom.vcxproj -> C:\Users\Jimmy\source\repos\Gkom\Debug\Gkom.exe
